
Sun Aug 14 13:43:29 1988     * * 1988 Account Summary * *  Page 1

10  Cash                         4165    3761    3347    3680    4805    5422    6361   16312   13873
11  Savings                     23552   24843   26000   31644   31071   25462   26969   18487   18639
12  Investments                 48827   50252   50844   52333   53167   54002   54836   55717   55717
13  Prepaid Insurance             296     742     653     564     475     385     296     694     694
14  Escrow                       2020    1552    1768    1984    1897     820     820     820     820
1   ASSETS-WORKING              78860   81150   82612   90204   91415   86091   89281   92029   89742
20  Property                    30739   30739   30739   30739   30739   30739   30739   30739   30739
21  A/R                          -270    -111    -270    -270    -270    -270    -270    -270    -270
22  House                       84148   84148   84148   84148   84148   84148   84148   84148   84148
23  IRA                         15113   15526   15692   15887   16082   16082   16082   16278   16278
2   ASSETS-FIXED               129730  130302  130309  130504  130699  130699  130699  130895  130895
30  Bank Cards                  -1503   -1535   -2838   -1399   -2319   -1163   -1634   -2821   -1982
31  Department Stores            -693    -227    -365     -56       0     -38    -956   -1160    -960
32  Gasoline                      -29     -50     -50     -45     -18     -42     -53     -24     -35
3   LIABILITIES-SHORT TERM      -2227   -1814   -3256   -1503   -2339   -1244   -2646   -4007   -2979
40  Consumer Loans             -13250  -12525  -11424  -11042  -10111   -9727   -9341   -8956   -8956
41  Student Loans                -827    -783    -744    -701    -660    -616    -575    -532    -532
42  House Loan                 -77426  -77310  -77252  -77194  -77136  -72078  -72078  -72078  -72078
43  Property Taxes Payable      -2202   -2634   -2850   -3126   -3039   -2509   -2509   -2509   -2509
4   LIABILITIES-LONG TERM      -93706  -93254  -92273  -92065  -90948  -84932  -84505  -84076  -84076
50  Income Summary            -115447 -115447 -115447 -115447 -115447 -115447 -115447 -115447 -115447
51  Depreciation Expense         2792    2792    2792    2792    2792    2792    2792    2792    2792
5   CAPITAL                   -112655 -112655 -112655 -112655 -112655 -112655 -112655 -112655 -112655
61  House                           0    1923    1034    1098    1036    2097     150    1179     258    8775    1096
62  Transportation                  0     212     148    -126     189     169     177     136      37     942     117
63  Food and Sundries               0     415     278     259     375     470     450     484     122    2852     356
64  Tax Deductions                  0     116     196      12      12     118      11      10       0     473      59
65  Medical                         0      53      89       0      82     -45      50      39       0     266      33
66  Education                       0       0       0       0     161       0       0       0       0     161      20
67  Finance Charges                 0       0       0      23      16      11       0       0       0      49       6
6   EXPENSES-FIXED                  0    2718    1746    1262    1870    2819     837    1848     417   13518    1689
70  Clothes                         0     414     629    1108     574     628     367     993     479    5192     649
71  Fun                             0     867    2318     248    2123     250     365      95      75    6340     792
72  Gifts                           0     118      15     229     298     420     178      74      14    1345     168
73  Household Expenses              0     424     178     383      86     136     271    1288     129    2894     361
74  Major Purchases                 0     151     145     158       0      28    1862      35      48    2428     303
75  Business Expenses               0       0      48      54       0      31       0      51       0     185      23
77  Miscellaneous                   0     126      37      76      51      93      44     146      58     631      78
79  Publications                    0      41      91     130      48     104     134     190      42     781      97
7   EXPENSES-VARIABLE               0    2140    3460    2386    3180    1689    3222    2874     844   19795    2474
80  NET-JPK                         0   -5100   -3454   -6393   -3482   -3261   -3103   -3371       0  -28172   -3521
81  NET-CEK                         0   -6081   -2701   -6895   -2979   -2979   -2979   -2979       0  -27593   -3449
82  Interest                        0     -14     -60     -57    -204     -50     -53    -148       0    -593     -74
83  Dividend                        0       0       0     -44     -42      -2    -117     -31      -2    -242     -30
84  Last Year                       0    2615       0       0     169       0     -20       0       0    2762     345
86  Nontaxable                      0       0       0       0    -193       0       0    -196       0    -391     -48
8   INCOME                          0   -8582   -6217  -13393   -6737   -6294   -6274   -6731      -2  -53842   -6730
    GRAND TOTAL                     0       0       0       0       0       0       0       0       0

89  INCOME SUMMARY                  0   -3723   -1010   -9743   -1686   -1787   -2217   -2009    1259  -20529   -2566
49  NET WORTH                  112657  116380  117392  127136  128824  130611  132829  134838  133579













Sun Aug 14 13:43:34 1988     * * 1988 Account Summary * *  Page 1



1   ASSETS-WORKING                

10  Cash                          
101 Gary-Wheaton                 3441    2735    2138    2161    2293    2754    3334    3062     438
104 Petty                           0     331     676     988    1657    1928    2360   12666   12851
105 GWB Checking - CEK            723     696     534     531     855     740     667     583     583
10  Cash                         4165    3761    3347    3680    4805    5422    6361   16312   13873

11  Savings                       
111 Credit Union                 8896    9896   10440    8387    8926    7465    8005    3537    3537
112 Gary-Wheaton                 2562    2712    2862    3012    1602    1752    1902    2024    2174
113 MMF - Value Line             3812    3812    3812   10656   10695    5695    5811    5841    5841
114 MBF - T. Rowe Price           484     484     484     487     489     491     493     495     498
115 Hawthorn Credit Union        7797    7939    8402    9102    9359   10059   10759    6589    6589
11  Savings                     23552   24843   26000   31644   31071   25462   26969   18487   18639

12  Investments                   
121 BSSP-JPK                    26634   27328   27674   28470   28940   29410   29880   30396   30396
122 BSSP-CEK                    18834   19553   19792   20480   20838   21196   21554   21912   21912
123 Value Line - SS               166     166     166     166     166     166     166     166     166
124 Value Line - LG               984     984     984     984     984     984     984     984     984
125 Savings Bond                  275     288     294     300     306     313     319     325     325
126 ESOP-JPK                     1325    1325    1325    1325    1325    1325    1325    1325    1325
127 ESOP-CEK                      609     609     609     609     609     609     609     609     609
12  Investments                 48827   50252   50844   52333   53167   54002   54836   55717   55717

13  Prepaid Insurance             
131 Auto                            0     445     356     267     178      89       0     397     397
132 Home Owner's                  296     296     296     296     296     296     296     296     296
13  Prepaid Insurance             296     742     653     564     475     385     296     694     694

14  Escrow                        
140 Temporary Holding Account     900       0       0       0       0       0       0       0       0
141 Property Tax Reserve          940    1332    1528    1724    1920     822     822     822     822
143 Homeowner's Ins Reserve       180     220     240     260     -21      -1      -1      -1      -1
14  Escrow                       2020    1552    1768    1984    1897     820     820     820     820
1   ASSETS-WORKING              78860   81150   82612   90204   91415   86091   89281   92029   89742


2   ASSETS-FIXED                  

20  Property                      
200 Other                        1618    1618    1618    1618    1618    1618    1618    1618    1618
202 Furniture                    8317    8317    8317    8317    8317    8317    8317    8317    8317
203 Clothes                      4000    4000    4000    4000    4000    4000    4000    4000    4000
204 Computer Equipt.              500     500     500     500     500     500     500     500     500
205 Appliances                   1606    1606    1606    1606    1606    1606    1606    1606    1606
206 Grand Am                    12454   12454   12454   12454   12454   12454   12454   12454   12454
207 Honda LXi                   15384   15384   15384   15384   15384   15384   15384   15384   15384
208 Allowance for Depreciatio  -13140  -13140  -13140  -13140  -13140  -13140  -13140  -13140  -13140
20  Property                    30739   30739   30739   30739   30739   30739   30739   30739   30739











Sun Aug 14 13:43:35 1988     * * 1988 Account Summary * *  Page 2


21  A/R                           
211 Dad                          -270    -270    -270    -270    -270    -270    -270    -270    -270
213 Jim and Liz for Caymen Is       0     159       0       0       0       0       0       0       0
21  A/R                          -270    -111    -270    -270    -270    -270    -270    -270    -270

22  House                         
221 House                       83500   83500   83500   83500   83500   83500   83500   83500   83500
222 Improvements                  648     648     648     648     648     648     648     648     648
22  House                       84148   84148   84148   84148   84148   84148   84148   84148   84148

23  IRA                           
231 JPK Value Line               5941    5941    5941    5941    6038    6038    6038    6136    6136
232 CEK Value Line               5941    5941    5941    5941    6038    6038    6038    6136    6136
233 JPK 401(k)                   1885    2059    2145    2227    2227    2227    2227    2227    2227
234 CEK 401(k)                   1346    1586    1666    1779    1779    1779    1779    1779    1779
23  IRA                         15113   15526   15692   15887   16082   16082   16082   16278   16278
2   ASSETS-FIXED               129730  130302  130309  130504  130699  130699  130699  130895  130895


3   LIABILITIES-SHORT TERM        

30  Bank Cards                    
301 VISA-1st Chicago                0       0       0       0       0       0       0       0       0
302 VISA-GWB                    -1503   -1535   -1174    -585   -1489   -1163    -744   -1461    -177
303 Mastercard                      0       0   -1664    -812    -831       0    -888   -1358   -1803
30  Bank Cards                  -1503   -1535   -2838   -1399   -2319   -1163   -1634   -2821   -1982

31  Department Stores             
312 Lord & Taylor-CEK              -9     -47    -100       0       0     -38       0       0       0
313 Marshall Fields              -116       0       0       0       0       0    -811   -1014    -814
314 Mark Shale                   -181    -181    -263       0       0       0       0       0       0
316 Sears                           0       0       0     -56       0       0    -146    -146    -146
31c AMEX CEK                     -382       0       0       0       0       0       0       0       0
31  Department Stores            -693    -227    -365     -56       0     -38    -956   -1160    -960

32  Gasoline                      
321 Shell-JPK                       0       0     -11       0     -18       0       0       0       0
322 Shell-CEK                       0     -19     -19     -11       0       0       0       0       0
323 Mobil                          -9     -10     -21     -34       0     -31     -33       0     -10
324 Amoco                         -20     -17       0       0       0     -11     -21     -24     -23
32  Gasoline                      -29     -50     -50     -45     -18     -42     -53     -24     -35
3   LIABILITIES-SHORT TERM      -2227   -1814   -3256   -1503   -2339   -1244   -2646   -4007   -2979


4   LIABILITIES-LONG TERM         

40  Consumer Loans                
403 Grand Am                    -2003   -1661    -942    -942    -394    -394    -394    -394    -394
404 Carrier Furnace              -865    -833    -802    -769    -734    -700    -666    -631    -631
405 Honda LXi                  -10379  -10029   -9679   -9329   -8979   -8629   -8279   -7929   -7929
40  Consumer Loans             -13250  -12525  -11424  -11042  -10111   -9727   -9341   -8956   -8956

41  Student Loans                 










Sun Aug 14 13:43:36 1988     * * 1988 Account Summary * *  Page 3

411 JPK                          -361    -361    -361    -361    -361    -361    -361    -361    -361
412 CEK                          -464    -423    -384    -341    -297    -256    -212    -169    -169
41  Student Loans                -827    -783    -744    -701    -660    -616    -575    -532    -532

42  House Loan                    
421 Purchase Price             -83500  -83500  -83500  -83500  -83500  -83500  -83500  -83500  -83500
422 Down Payment                 4200    4200    4200    4200    4200    9200    9200    9200    9200
423 Mortgage Principle           1874    1990    2048    2106    2164    2222    2222    2222    2222
42  House Loan                 -77426  -77310  -77252  -77194  -77136  -72078  -72078  -72078  -72078

43  Property Taxes Payable        
432 Homeowner's Ins Payable      -161    -201    -221    -301     -20     -40     -40     -40     -40
437 1987 Property Tax Pay       -2039   -2039   -2039   -2039   -2039   -1293   -1293   -1293   -1293
438 1988 Property Tax Pay           0    -392    -588    -784    -980   -1176   -1176   -1176   -1176
43  Property Taxes Payable      -2202   -2634   -2850   -3126   -3039   -2509   -2509   -2509   -2509
4   LIABILITIES-LONG TERM      -93706  -93254  -92273  -92065  -90948  -84932  -84505  -84076  -84076


5   CAPITAL                       

50  Income Summary                
501 1982                       -10937  -10937  -10937  -10937  -10937  -10937  -10937  -10937  -10937
502 1983                       -15770  -15770  -15770  -15770  -15770  -15770  -15770  -15770  -15770
503 1984                       -11121  -11121  -11121  -11121  -11121  -11121  -11121  -11121  -11121
504 1985                       -24741  -24741  -24741  -24741  -24741  -24741  -24741  -24741  -24741
505 1986                       -23175  -23175  -23175  -23175  -23175  -23175  -23175  -23175  -23175
506 1987                       -29700  -29700  -29700  -29700  -29700  -29700  -29700  -29700  -29700
50  Income Summary            -115447 -115447 -115447 -115447 -115447 -115447 -115447 -115447 -115447

51  Depreciation Expense          
511 Contra Account               2792    2792    2792    2792    2792    2792    2792    2792    2792
51  Depreciation Expense         2792    2792    2792    2792    2792    2792    2792    2792    2792
5   CAPITAL                   -112655 -112655 -112655 -112655 -112655 -112655 -112655 -112655 -112655


6   EXPENSES-FIXED                

61  House                         
611 Interest                        0    1252     626     626     626     626       0       0       0    3756     469
612 Property Taxes                  0     392     196     196     196     742       0       0       0    1722     215
614 Home Owner's Ins                0      40      20      81      20      20       0       0       0     181      22
615 Closing Costs                   0       0       0       0       0     575       3     927       0    1505     188
616 Utilities                       0     239     192     194     194     134     147     252     258    1611     201
61  House                           0    1923    1034    1098    1036    2097     150    1179     258    8775    1096

62  Transportation                
620 Other                           0       0       0       0      48       0       0       0       0      48       6
621 Gas                             0      59      42      67      38      54      73      38      22     392      49
622 Interest                        0      17      17       0       7       0       0       0       0      41       5
623 Insurance                       0      89      89      89      89      89      89      84       0     619      77
624 Major Repair                    0      48       0    -337       0       0       0       0       0    -291     -36
625 Misc. Auto Exp.                 0       0       0      15       7       0      15      14      15      66       8
626 Fares                           0       0       0      40       0      27       0       0       0      67       8
62  Transportation                  0     212     148    -126     189     169     177     136      37     942     117










Sun Aug 14 13:43:37 1988     * * 1988 Account Summary * *  Page 4


63  Food and Sundries             
631 Groceries                       0     331     261     246     313     399     375     353      91    2368     296
632 Personal Items                  0      42       0       0      31       0      50      50       0     173      21
633 Meals Out                       0      42      17      13      31      71      25      81      31     311      38
63  Food and Sundries               0     415     278     259     375     470     450     484     122    2852     356

64  Tax Deductions                
640 Other                           0      52       0       0       0       0       0       0       0      52       6
642 Interest-CEK Loan               0       0       3       0       0       0       0       0       0       3       0
643 Charity                         0      50     180       0       0     107       0       0       0     337      42
648 Carrier Furnace                 0      13      13      12      12      11      11      10       0      81      10
64  Tax Deductions                  0     116     196      12      12     118      11      10       0     473      59

65  Medical                       
651 Doctor                          0     105     116      55      82      35      50      39       0     481      60
652 Dentist                         0       0      43      43       0       0       0       0       0      86      10
653 Drugs                           0      10       0       0       0       0       0       0       0      10       1
654 Insurance                       0     -62     -68     -99       0     -80       0       0       0    -309     -38
65  Medical                         0      53      89       0      82     -45      50      39       0     266      33

66  Education                     
661 University of Chicago           0       0       0       0     161       0       0       0       0     161      20
66  Education                       0       0       0       0     161       0       0       0       0     161      20

67  Finance Charges               
673 303                             0       0       0      23      16      11       0       0       0      49       6
67  Finance Charges                 0       0       0      23      16      11       0       0       0      49       6
6   EXPENSES-FIXED                  0    2718    1746    1262    1870    2819     837    1848     417   13518    1689


7   EXPENSES-VARIABLE             

70  Clothes                       
701 CEK                             0     191     194     903     188     385     215     490     368    2934     366
702 JPK                             0     167     296      69     268     124      21     450      96    1492     186
703 Cleaners                        0      56     139     136     117     118     132      54      14     767      95
70  Clothes                         0     414     629    1108     574     628     367     993     479    5192     649

71  Fun                           
710 Other                           0       0       0      13       0       0      45      15       0      73       9
711 Out to Eat                      0     317     257     217      52     145     196       0       0    1184     148
712 Shows                           0      25      10       3       3       5      20       0       0      66       8
713 Trips                           0     509    2008       0    1629       0      65       0      75    4285     535
714 Recreation                      0       0      28       0     423      84      24      23       0     581      72
715 Cable                           0      15      15      15      15      15      15      58       0     151      18
71  Fun                             0     867    2318     248    2123     250     365      95      75    6340     792

72  Gifts                         
720 Other                           0      27       0      74     244     266      83      74      14     782      97
721 CEK                             0       0       0       0      24       0       0       0       0      24       3
723 B-Day                           0     115       0      76      30      26      30       0       0     277      34
724 Special Occasion                0     -25      15      79       0     128      65       0       0     262      32
72  Gifts                           0     118      15     229     298     420     178      74      14    1345     168










Sun Aug 14 13:43:38 1988     * * 1988 Account Summary * *  Page 5


73  Household Expenses            
731 Tools and Supplies              0     289      92       0       0       0     172     187       0     741      92
732 Services                        0       0      57     241       0       0       0     401       0     700      87
733 Decorations                     0      87      14      31      27      94       0     398       0     651      81
734 Lawn and Garden                 0      30       0       0      46      41      85       0      40     242      30
735 Kitties                         0      18      15     110      13       0      14      34      28     232      29
736 Cleaning Service                0       0       0       0       0       0       0     268      61     329      41
73  Household Expenses              0     424     178     383      86     136     271    1288     129    2894     361

74  Major Purchases               
740 Other                           0     104     115     158       0      28      15      35       0     455      56
741 House                           0      47       0       0       0       0    1847       0      48    1943     242
742 Records                         0       0      30       0       0       0       0       0       0      30       3
74  Major Purchases                 0     151     145     158       0      28    1862      35      48    2428     303

75  Business Expenses             
751 Advance                         0    -100     -45       0    -117     -50       0       0       0    -312     -39
752 Expenses                        0      99     132      54     117      31       0      46       0     479      59
753 Reimbursement                   0       1     -39       0       0      50       0       5       0      17       2
75  Business Expenses               0       0      48      54       0      31       0      51       0     185      23

77  Miscellaneous                 
770 Other                           0      14       0       0       0       0       0       0       0      14       1
773 Postage                         0      22       0       0      25       0       0       0       0      47       5
774 Office Supplies                 0      52       0      14       0      63       0      53       0     181      22
775 Services                        0      39      15      61      24      29      35      89      58     349      43
777 Fees                            0       0      22       2       2       2      10       4       0      39       4
77  Miscellaneous                   0     126      37      76      51      93      44     146      58     631      78

79  Publications                  
790 Other                           0       0      15       0       0       0       0      16       0      31       3
791 Books                           0      23      36      17      48      81     113     107      15     441      55
793 Newspaper                       0       0       0       0       0       0       0      38      27      65       8
794 Subscriptions                   0      18      40     113       0      23      21      30       0     244      30
79  Publications                    0      41      91     130      48     104     134     190      42     781      97
7   EXPENSES-VARIABLE               0    2140    3460    2386    3180    1689    3222    2874     844   19795    2474


8   INCOME                        

80  NET-JPK                       
800 Other                           0       0       0       0       0       0       0       0       0       0       0
801 Federal Wages                   0   -7291   -5043   -9194   -5146   -4822   -4606   -5061       0  -41167   -5145
802 FWT                             0    1619    1159    2036    1226    1161    1118    1269       0    9587    1198
803 FICA                            0     561     385     704     394     369     353     388       0    3153     394
804 SWT                             0     178     124     228     127     118     113     124       0    1013     126
805 Telephone Concession            0     -11      -1       0       0      -7       0       0       0     -18      -2
807 401(k) Gross                    0    -173     -85    -175     -94     -94     -94    -103       0    -819    -102
808 Life Insurance                  0      18       9      10      10      11      11      12       0      82      10
80  NET-JPK                         0   -5100   -3454   -6393   -3482   -3261   -3103   -3371       0  -28172   -3521

81  NET-CEK                       











Sun Aug 14 13:43:39 1988     * * 1988 Account Summary * *  Page 6

811 Federal Wages                   0   -8884   -3910   -9809   -4384   -4384   -4384   -4384       0  -40146   -5018
812 FWT                             0    2128     889    2113    1045    1045    1045    1045       0    9311    1163
813 FICA                            0     685     300     752     336     336     336     336       0    3081     385
814 SWT                             0     222      98     245     110     110     110     110       0    1004     125
817 401(k) Gross                    0    -239     -78    -200     -88     -88     -88     -88       0    -876    -109
818 Life Insurance                  0       8       4       4       5       5       5       5       0      35       4
81  NET-CEK                         0   -6081   -2701   -6895   -2979   -2979   -2979   -2979       0  -27593   -3449

82  Interest                      
821 Gary-Wheaton Savings            0       0       0       0     -38       0       0      28       0     -10      -1
822 Gary-Wheaton Checking           0     -10     -15      -9     -14     -10     -10     -10       0     -79      -9
823 Credit Union                    0       0     -43     -46     -37     -37     -38     -33       0    -241     -30
824 Hawthorn Credit Union           0       0       0       0    -111       0       0       0       0    -111     -13
826 GWB Checking - CEK              0      -2      -3      -2      -2      -1      -1    -131       0    -146     -18
82  Interest                        0     -14     -60     -57    -204     -50     -53    -148       0    -593     -74

83  Dividend                      
832 MBF - T. Rowe Price             0       0       0      -2      -1      -2      -2      -2      -2     -13      -1
834 MMF - Value Line                0       0       0     -42     -38       0    -115     -30       0    -229     -28
83  Dividend                        0       0       0     -44     -42      -2    -117     -31      -2    -242     -30

84  Last Year                     
842 FWT                             0    2580       0       0     169       0       0       0       0    2749     343
843 FICA                            0      35       0       0       0       0       0       0       0      35       4
844 SWT                             0       0       0       0       0       0     -20       0       0     -20      -2
84  Last Year                       0    2615       0       0     169       0     -20       0       0    2762     345

86  Nontaxable                    
861 IRA JPK - Value Line            0       0       0       0     -97       0       0     -98       0    -194     -24
862 IRA CEK - Value Line            0       0       0       0     -97       0       0     -98       0    -194     -24
86  Nontaxable                      0       0       0       0    -193       0       0    -196       0    -391     -48
8   INCOME                          0   -8582   -6217  -13393   -6737   -6294   -6274   -6731      -2  -53842   -6730
    GRAND TOTAL                     0       0       0       0       0       0       0       0       0

89  INCOME SUMMARY                  0   -3723   -1010   -9743   -1686   -1787   -2217   -2009    1259  -20529   -2566
49  NET WORTH                  112657  116380  117392  127136  128824  130611  132829  134838  133579



























